Active-HDL 10.5.217.6767 2019-06-11 15:16:56

Elaboration top modules:
Architecture                  exe1(unidade_controle_copro)


-------------------------------------------------------------------------------------------------------------
Entity                 | Architecture | Library       | Info | Compiler Version        | Compilation Options
-------------------------------------------------------------------------------------------------------------
unidade_controle_copro | exe1         | multiplicador |      | 10.5.217.6767 (Windows) | -O3
fluxodados             | exercicio    | multiplicador |      | 10.5.217.6767 (Windows) | -O3
registrador            | exo1         | multiplicador |      | 10.5.217.6767 (Windows) | -O3
mult_level1            | ex1          | multiplicador |      | 10.5.217.6767 (Windows) | -O3
raiz                   | exoo1        | multiplicador |      | 10.5.217.6767 (Windows) | -O3
multiplicador_16       | exo1         | multiplicador |      | 10.5.217.6767 (Windows) | -O3
raiz_quadrada          | exo1         | multiplicador |      | 10.5.217.6767 (Windows) | -O3
-------------------------------------------------------------------------------------------------------------

-------------------------------------------------------------------------------------------------------------
VHDL Package                          | Library       | Info | Compiler Version        | Compilation Options
-------------------------------------------------------------------------------------------------------------
standard                              | std           |      |                         | <unavailable>
TEXTIO                                | std           |      |                         | <unavailable>
std_logic_1164                        | ieee          |      |                         | <unavailable>
std_logic_arith                       | ieee          |      |                         | <unavailable>
-------------------------------------------------------------------------------------------------------------

-------------------------------------------------------------------------------------------------------------
Library                               | Comment
-------------------------------------------------------------------------------------------------------------
ieee                                  | Standard IEEE packages library
multiplicador                         | None
std                                   | Standard VHDL library
-------------------------------------------------------------------------------------------------------------
